<?xml version="1.0" encoding="UTF-8"?>
<testng-results ignored="0" total="0" passed="0" failed="0" skipped="0">
  <reporter-output>
  </reporter-output>
  <suite started-at="2023-07-06T18:11:01 COT" name="Surefire suite" finished-at="2023-07-06T18:11:10 COT" duration-ms="9061">
    <groups>
    </groups>
    <test started-at="2023-07-06T18:11:01 COT" name="Surefire test" finished-at="2023-07-06T18:11:10 COT" duration-ms="9061">
    </test> <!-- Surefire test -->
  </suite> <!-- Surefire suite -->
</testng-results>
